<?xml version="1.0" encoding="UTF-8"?>
<!-- Generated by org.testng.reporters.JUnitReportReporter -->
<testsuite name="com.aconexAutomationTests.AconexTests" tests="1" time="68.997" ignored="1" failures="0" timestamp="17 Dec 2018 05:33:13 GMT" skipped="0" hostname="VKUTTADA-LAP2" errors="0">
  <testcase name="testWordGames" time="68.997" classname="com.aconexAutomationTests.AconexTests"/>
  <testcase name="testHotelVIPResprt" classname="com.aconexAutomationTests.AconexTests">
    <skipped/>
  </testcase> <!-- testHotelVIPResprt -->
</testsuite> <!-- com.aconexAutomationTests.AconexTests -->
